INFO         | Android emulator version 36.4.9.0 (build_id 14788078) (CL:N/A)
INFO         | Graphics backend: gfxstream
INFO         | Found systemPath /Users/wander/Library/Android/sdk/system-images/android-35/google_apis/arm64-v8a/
INFO         | Increasing RAM size to 3072MB
INFO         | Guest GLES Driver: Auto (ext controls)
INFO         | emuglConfig_init: vulkan_mode_selected:lavapipe gles_mode_selected:host
INFO         | Checking system compatibility:
INFO         |   Checking: hasSufficientDiskSpace
INFO         |      Ok: Disk space requirements to run avd: `MyAvd` are met
INFO         |   Checking: hasSufficientHwGpu
INFO         |      Ok: Hardware GPU compatibility checks are not required
INFO         |   Checking: hasSufficientSystem
INFO         |      Ok: System requirements to run avd: `MyAvd` are met
INFO         | Storing crashdata in: /tmp/android-wander/emu-crash-36.4.9.db, detection is enabled for process: 23472
INFO         | Initializing gfxstream backend
INFO         | android_startOpenglesRenderer: gpu info
INFO         | 
INFO         | initIcdPaths: ICD set to 'lavapipe', using Lavapipe ICD
INFO         | Setting ICD filenames for the loader = /Users/wander/Library/Android/sdk/emulator/lib64/vulkan/lvp_icd.json
INFO         | SharedLibrary::open for [/Users/wander/Library/Android/sdk/emulator/qemu/darwin-aarch64/lib64/vulkan/libvulkan.dylib]
INFO         | Added library: /Users/wander/Library/Android/sdk/emulator/qemu/darwin-aarch64/lib64/vulkan/libvulkan.dylib
INFO         | Enabling Vulkan portability.
INFO         | Selecting Vulkan device: llvmpipe (LLVM 21.1.4, 128 bits), Version: 1.4.330
INFO         | Initializing VkEmulation features:
INFO         |     glInteropSupported: false
INFO         |     useDeferredCommands: true
INFO         |     createResourceWithRequirements: true
INFO         |     useVulkanComposition: false
INFO         |     useVulkanNativeSwapchain: false
INFO         |     enable guestRenderDoc: false
INFO         |     ASTC LDR emulation mode: Gpu
INFO         |     enable ETC2 emulation: true
INFO         |     enable Ycbcr emulation: false
INFO         |     guestVulkanOnly: false
INFO         |     useDedicatedAllocations: false
INFO         | Graphics Adapter Vendor Google (Apple)
INFO         | Graphics Adapter Android Emulator OpenGL ES Translator (Apple M4)
INFO         | Graphics API Version OpenGL ES 3.0 (4.1 Metal - 90.5)
INFO         | Graphics API Extensions GL_OES_EGL_sync GL_OES_EGL_image GL_OES_EGL_image_external GL_OES_depth24 GL_OES_depth32 GL_OES_element_index_uint GL_OES_texture_float GL_OES_texture_float_linear GL_OES_compressed_paletted_texture GL_OES_compressed_ETC1_RGB8_texture GL_OES_depth_texture GL_OES_texture_npot GL_OES_rgb8_rgba8 GL_EXT_color_buffer_float GL_EXT_color_buffer_half_float GL_EXT_texture_format_BGRA8888 GL_APPLE_texture_format_BGRA8888 
INFO         | Graphics Device Extensions N/A
INFO         | Disabling sparse binding feature support
INFO         | Sending adb public key [QAAAACu7U+l91FrK3hYk2LpCxnRdT3dgoXUYxU2PsBiJl+j8bONlJCPAZAot+h4XoIzTGl1lqw+nA2H7T27usMgvYM3hyiePjI3mIqwOa7MQfCvJMEBJz7qv9ZUrYHBc/YRKZfJpRi9GDctI04gm0k25FY0eQhfz81PJ99gnoOfRInlHUmAy63ZL3P1hMd2sC9hc6BN2/DyfI+fKO594UhUWCPUJn1nBWQxZ70sAcbLECZ68PqFfLhddCmN9qhV6LLiB0nTYIu3PatmyOlz7Te/rVlz8/g65p0YzLNoL2aM+Q+Kvv8Z7uAXX7WK28C1VaCVUQwE18GOIgpc7eV90Vz35pd1sW57XE7AfUi7HkqKhrSAqfI58jtFNoMNAgcLcDbLa9xERavEBfKKQ0gj85Y04+pAs8H4GFLm19D/ByBMQG2WbufkMFm5cJciVhkhDS5v3uePrKr1TRImvK+cWE2A13+QeXZfNxqzpE+CZ5tdtBTkshKA2bFTRtJHsB6jyZNQ7o80njZAhsgi9Xz+Sk1W98nnI6pRh5TvgdhuHork9OFEDALBCvrygihXekLyM3OFBCxo9ineaL83fUm04k3d0peggm4ZffGj6QdNH26hV5cOdk2kTCO/UYeu7tPDI0JvZHMxz9uBbdg6oHDFZgU3JsW18W6QT/WhF5hYweBNhnqv2J/lSkgEAAQA= wander@unknown]
INFO         | Userspace boot properties:
INFO         |   androidboot.boot_devices=a003600.virtio_mmio
INFO         |   androidboot.dalvik.vm.heapsize=576m
INFO         |   androidboot.debug.hwui.renderer=skiagl
INFO         |   androidboot.hardware=ranchu
INFO         |   androidboot.hardware.gltransport=pipe
INFO         |   androidboot.hardware.vulkan=ranchu
INFO         |   androidboot.logcat=*:V
INFO         |   androidboot.opengles.version=196608
INFO         |   androidboot.qemu=1
INFO         |   androidboot.qemu.adb.pubkey=QAAAACu7U+l91FrK3hYk2LpCxnRdT3dgoXUYxU2PsBiJl+j8bONlJCPAZAot+h4XoIzTGl1lqw+nA2H7T27usMgvYM3hyiePjI3mIqwOa7MQfCvJMEBJz7qv9ZUrYHBc/YRKZfJpRi9GDctI04gm0k25FY0eQhfz81PJ99gnoOfRInlHUmAy63ZL3P1hMd2sC9hc6BN2/DyfI+fKO594UhUWCPUJn1nBWQxZ70sAcbLECZ68PqFfLhddCmN9qhV6LLiB0nTYIu3PatmyOlz7Te/rVlz8/g65p0YzLNoL2aM+Q+Kvv8Z7uAXX7WK28C1VaCVUQwE18GOIgpc7eV90Vz35pd1sW57XE7AfUi7HkqKhrSAqfI58jtFNoMNAgcLcDbLa9xERavEBfKKQ0gj85Y04+pAs8H4GFLm19D/ByBMQG2WbufkMFm5cJciVhkhDS5v3uePrKr1TRImvK+cWE2A13+QeXZfNxqzpE+CZ5tdtBTkshKA2bFTRtJHsB6jyZNQ7o80njZAhsgi9Xz+Sk1W98nnI6pRh5TvgdhuHork9OFEDALBCvrygihXekLyM3OFBCxo9ineaL83fUm04k3d0peggm4ZffGj6QdNH26hV5cOdk2kTCO/UYeu7tPDI0JvZHMxz9uBbdg6oHDFZgU3JsW18W6QT/WhF5hYweBNhnqv2J/lSkgEAAQA= wander@unknown
INFO         |   androidboot.qemu.avd_name=MyAvd
INFO         |   androidboot.qemu.camera_hq_edge_processing=0
INFO         |   androidboot.qemu.camera_protocol_ver=1
INFO         |   androidboot.qemu.cpuvulkan.version=4202496
INFO         |   androidboot.qemu.gltransport.drawFlushInterval=800
INFO         |   androidboot.qemu.gltransport.name=pipe
INFO         |   androidboot.qemu.hwcodec.avcdec=2
INFO         |   androidboot.qemu.hwcodec.hevcdec=2
INFO         |   androidboot.qemu.hwcodec.vpxdec=2
INFO         |   androidboot.qemu.settings.system.screen_off_timeout=2147483647
INFO         |   androidboot.qemu.skin=1344x2992
INFO         |   androidboot.qemu.virtiowifi=1
INFO         |   androidboot.qemu.vsync=60
INFO         |   androidboot.serialno=EMULATOR36X4X9X0
INFO         |   androidboot.vbmeta.digest=d86517453be30669cdb7a7b57307f2ae3122a095509b92c7256b9a3665c7d025
INFO         |   androidboot.vbmeta.hash_alg=sha256
INFO         |   androidboot.vbmeta.size=6720
INFO         |   androidboot.veritymode=enforcing
INFO         | Monitoring duration of emulator setup.
WARNING      | The emulator now requires a signed jwt token for gRPC access! Use the -grpc flag if you really want an open unprotected grpc port
INFO         | Using security allow list from: /Users/wander/Library/Android/sdk/emulator/lib/emulator_access.json
WARNING      | *** Basic token auth should only be used by android-studio ***
INFO         | The active JSON Web Key Sets can be found here: /Users/wander/Library/Caches/TemporaryItems/avd/running/23472/jwks/93a643e0-d6a2-492a-b0e5-d9637513292d/active.jwk
INFO         | Scanning /Users/wander/Library/Caches/TemporaryItems/avd/running/23472/jwks/93a643e0-d6a2-492a-b0e5-d9637513292d for jwk keys.
INFO         | Started GRPC server at 127.0.0.1:8554, security: Local, auth: +token
INFO         | Advertising in: /Users/wander/Library/Caches/TemporaryItems/avd/running/pid_23472.ini
INFO         | Setting display: 0 configuration to: 1344x2992, dpi: 489x489 
INFO         | setDisplayActiveConfig 0
INFO         | Checking system compatibility:
INFO         |   Checking: hasSufficientDiskSpace
INFO         |      Ok: Disk space requirements to run avd: `MyAvd` are met
INFO         |   Checking: hasSufficientHwGpu
INFO         |      Ok: Hardware GPU compatibility checks are not required
INFO         |   Checking: hasSufficientSystem
INFO         |      Ok: System requirements to run avd: `MyAvd` are met
INFO         | Warning: QMetaObject::connectSlotsByName: No matching signal for on_rgbcSensorValueWidget_valueChanged() (:0, )
INFO         | Warning: QMetaObject::connectSlotsByName: No matching signal for on_posture_valueChanged(int) (:0, )
INFO         | Loading snapshot 'default_boot'...
WARNING      | Device 'encrypt' does not have the requested snapshot 'default_boot'

WARNING      | Failed to load snapshot 'default_boot'
INFO         | Warning: QObject::connect: Cannot queue arguments of type 'std::vector<android::emulation::control::SnapshotInfo>'
(Make sure 'std::vector<android::emulation::control::SnapshotInfo>' is registered using qRegisterMetaType().) (:0, )
INFO         | AVD supportsNativeGLES=1, supportsGuestAngle=1
INFO         | Created extended window in 439.977ms
INFO         | Activated packet streamer for bluetooth emulation
INFO         | Warning: skipping QEventPoint(id=1 ts=0 pos=0,0 scn=381.127,193.179 gbl=381.127,193.179 Released ellipse=(1x1 ∡ 0) vel=0,0 press=-381.127,-193.179 last=-381.127,-193.179 Δ 381.127,193.179) : no target window (:0, )
INFO         | Warning: skipping QEventPoint(id=1 ts=0 pos=0,0 scn=352.789,811.331 gbl=352.789,811.331 Released ellipse=(1x1 ∡ 0) vel=0,0 press=-352.789,-811.331 last=-352.789,-811.331 Δ 352.789,811.331) : no target window (:0, )
INFO         | Boot completed in 18708 ms
INFO         | Increasing screen off timeout, logcat buffer size to 2M.
ERROR        | bad color buffer handle 166
/Volumes/Android/buildbot/src/googleplex-android/emu-36-4-release/hardware/google/gfxstream/host/gl/glestranslator/gles_v2/gles_v2_imp.cpp:glAttachShader:509 error 0x502
/Volumes/Android/buildbot/src/googleplex-android/emu-36-4-release/hardware/google/gfxstream/host/gl/glestranslator/gles_v2/gles_v2_imp.cpp:glAttachShader:509 error 0x502
/Volumes/Android/buildbot/src/googleplex-android/emu-36-4-release/hardware/google/gfxstream/host/gl/glestranslator/gles_v2/gles_v2_imp.cpp:glAttachShader:509 error 0x502
/Volumes/Android/buildbot/src/googleplex-android/emu-36-4-release/hardware/google/gfxstream/host/gl/glestranslator/gles_v2/gles_v2_imp.cpp:glAttachShader:509 error 0x502
/Volumes/Android/buildbot/src/googleplex-android/emu-36-4-release/hardware/google/gfxstream/host/gl/glestranslator/gles_v2/gles_v2_imp.cpp:glAttachShader:509 error 0x502
/Volumes/Android/buildbot/src/googleplex-android/emu-36-4-release/hardware/google/gfxstream/host/gl/glestranslator/gles_v2/gles_v2_imp.cpp:glAttachShader:509 error 0x502
/Volumes/Android/buildbot/src/googleplex-android/emu-36-4-release/hardware/google/gfxstream/host/gl/glestranslator/gles_v2/gles_v2_imp.cpp:glAttachShader:509 error 0x502
/Volumes/Android/buildbot/src/googleplex-android/emu-36-4-release/hardware/google/gfxstream/host/gl/glestranslator/gles_v2/gles_v2_imp.cpp:glAttachShader:509 error 0x502
/Volumes/Android/buildbot/src/googleplex-android/emu-36-4-release/hardware/google/gfxstream/host/gl/glestranslator/gles_v2/gles_v2_imp.cpp:glAttachShader:509 error 0x502
/Volumes/Android/buildbot/src/googleplex-android/emu-36-4-release/hardware/google/gfxstream/host/gl/glestranslator/gles_v2/gles_v2_imp.cpp:glAttachShader:509 error 0x502
/Volumes/Android/buildbot/src/googleplex-android/emu-36-4-release/hardware/google/gfxstream/host/gl/glestranslator/gles_v2/gles_v2_imp.cpp:glAttachShader:509 error 0x502
/Volumes/Android/buildbot/src/googleplex-android/emu-36-4-release/hardware/google/gfxstream/host/gl/glestranslator/gles_v2/gles_v2_imp.cpp:glAttachShader:509 error 0x502
/Volumes/Android/buildbot/src/googleplex-android/emu-36-4-release/hardware/google/gfxstream/host/gl/glestranslator/gles_v2/gles_v2_imp.cpp:glAttachShader:509 error 0x502
/Volumes/Android/buildbot/src/googleplex-android/emu-36-4-release/hardware/google/gfxstream/host/gl/glestranslator/gles_v2/gles_v2_imp.cpp:glAttachShader:509 error 0x502
/Volumes/Android/buildbot/src/googleplex-android/emu-36-4-release/hardware/google/gfxstream/host/gl/glestranslator/gles_v2/gles_v2_imp.cpp:glAttachShader:509 error 0x502
/Volumes/Android/buildbot/src/googleplex-android/emu-36-4-release/hardware/google/gfxstream/host/gl/glestranslator/gles_v2/gles_v2_imp.cpp:glAttachShader:509 error 0x502
/Volumes/Android/buildbot/src/googleplex-android/emu-36-4-release/hardware/google/gfxstream/host/gl/glestranslator/gles_v2/gles_v2_imp.cpp:glAttachShader:509 error 0x502
/Volumes/Android/buildbot/src/googleplex-android/emu-36-4-release/hardware/google/gfxstream/host/gl/glestranslator/gles_v2/gles_v2_imp.cpp:glAttachShader:509 error 0x502
/Volumes/Android/buildbot/src/googleplex-android/emu-36-4-release/hardware/google/gfxstream/host/gl/glestranslator/gles_v2/gles_v2_imp.cpp:glAttachShader:509 error 0x502
/Volumes/Android/buildbot/src/googleplex-android/emu-36-4-release/hardware/google/gfxstream/host/gl/glestranslator/gles_v2/gles_v2_imp.cpp:glAttachShader:509 error 0x502
/Volumes/Android/buildbot/src/googleplex-android/emu-36-4-release/hardware/google/gfxstream/host/gl/glestranslator/gles_v2/gles_v2_imp.cpp:glAttachShader:509 error 0x502
/Volumes/Android/buildbot/src/googleplex-android/emu-36-4-release/hardware/google/gfxstream/host/gl/glestranslator/gles_v2/gles_v2_imp.cpp:glAttachShader:509 error 0x502
/Volumes/Android/buildbot/src/googleplex-android/emu-36-4-release/hardware/google/gfxstream/host/gl/glestranslator/gles_v2/gles_v2_imp.cpp:glAttachShader:509 error 0x502
/Volumes/Android/buildbot/src/googleplex-android/emu-36-4-release/hardware/google/gfxstream/host/gl/glestranslator/gles_v2/gles_v2_imp.cpp:glAttachShader:509 error 0x502
2026-03-12 17:53:55.503 qemu-system-aarch64[23472:34647671] error messaging the mach port for IMKCFRunLoopWakeUpReliable
INFO         | Warning: skipping QEventPoint(id=1 ts=0 pos=0,0 scn=332.176,779.632 gbl=332.176,779.632 Released ellipse=(1x1 ∡ 0) vel=0,0 press=-332.176,-779.632 last=-332.176,-779.632 Δ 332.176,779.632) : no target window (:0, )
INFO         | Warning: skipping QEventPoint(id=3 ts=0 pos=0,0 scn=341.745,1024.56 gbl=341.745,1024.56 Released ellipse=(1x1 ∡ 0) vel=0,0 press=-341.745,-1024.56 last=-341.745,-1024.56 Δ 341.745,1024.56) : no target window (:0, )
INFO         | Warning: skipping QEventPoint(id=3 ts=0 pos=0,0 scn=169.835,1008.07 gbl=169.835,1008.07 Released ellipse=(1x1 ∡ 0) vel=0,0 press=-169.835,-1008.07 last=-169.835,-1008.07 Δ 169.835,1008.07) : no target window (:0, )
INFO         | Warning: skipping QEventPoint(id=3 ts=0 pos=0,0 scn=281.152,394.784 gbl=281.152,394.784 Released ellipse=(1x1 ∡ 0) vel=0,0 press=-281.152,-394.784 last=-281.152,-394.784 Δ 281.152,394.784) : no target window (:0, )
